2014-01-31 08:46:19 Debug: Notice (8): Undefined variable: bookings in [C:\xampp\htdocs\rr\app\View\Pages\home.ctp, line 94]
Trace:
include - APP\View\Pages\home.ctp, line 94
View::_evaluate() - CORE\Cake\View\View.php, line 929
View::_render() - CORE\Cake\View\View.php, line 891
View::render() - CORE\Cake\View\View.php, line 460
Controller::render() - CORE\Cake\Controller\Controller.php, line 952
PagesController::display() - APP\Controller\PagesController.php, line 75
ReflectionMethod::invokeArgs() - [internal], line ??
Controller::invokeAction() - CORE\Cake\Controller\Controller.php, line 490
Dispatcher::_invoke() - CORE\Cake\Routing\Dispatcher.php, line 185
Dispatcher::dispatch() - CORE\Cake\Routing\Dispatcher.php, line 160
[main] - APP\webroot\index.php, line 108

2014-02-04 09:34:16 Debug: Notice (8): Undefined variable: cakeDescription in [C:\xampp\htdocs\rr\app\View\Layouts\default.ctp, line 42]
Trace:
include - APP\View\Layouts\default.ctp, line 42
View::_evaluate() - CORE\Cake\View\View.php, line 929
View::_render() - CORE\Cake\View\View.php, line 891
View::renderLayout() - CORE\Cake\View\View.php, line 523
View::render() - CORE\Cake\View\View.php, line 468
Controller::render() - CORE\Cake\Controller\Controller.php, line 952
PagesController::display() - APP\Controller\PagesController.php, line 75
ReflectionMethod::invokeArgs() - [internal], line ??
Controller::invokeAction() - CORE\Cake\Controller\Controller.php, line 490
Dispatcher::_invoke() - CORE\Cake\Routing\Dispatcher.php, line 185
Dispatcher::dispatch() - CORE\Cake\Routing\Dispatcher.php, line 160
[main] - APP\webroot\index.php, line 108

2014-02-04 09:34:16 Debug: Notice (8): Undefined variable: cakeDescription in [C:\xampp\htdocs\rr\app\View\Layouts\default.ctp, line 52]
Trace:
include - APP\View\Layouts\default.ctp, line 52
View::_evaluate() - CORE\Cake\View\View.php, line 929
View::_render() - CORE\Cake\View\View.php, line 891
View::renderLayout() - CORE\Cake\View\View.php, line 523
View::render() - CORE\Cake\View\View.php, line 468
Controller::render() - CORE\Cake\Controller\Controller.php, line 952
PagesController::display() - APP\Controller\PagesController.php, line 75
ReflectionMethod::invokeArgs() - [internal], line ??
Controller::invokeAction() - CORE\Cake\Controller\Controller.php, line 490
Dispatcher::_invoke() - CORE\Cake\Routing\Dispatcher.php, line 185
Dispatcher::dispatch() - CORE\Cake\Routing\Dispatcher.php, line 160
[main] - APP\webroot\index.php, line 108

2014-02-04 09:38:23 Debug: Notice (8): Undefined variable: cakeDescription in [C:\xampp\htdocs\rr\app\View\Layouts\default.ctp, line 42]
Trace:
include - APP\View\Layouts\default.ctp, line 42
View::_evaluate() - CORE\Cake\View\View.php, line 929
View::_render() - CORE\Cake\View\View.php, line 891
View::renderLayout() - CORE\Cake\View\View.php, line 523
View::render() - CORE\Cake\View\View.php, line 468
Controller::render() - CORE\Cake\Controller\Controller.php, line 952
PagesController::display() - APP\Controller\PagesController.php, line 75
ReflectionMethod::invokeArgs() - [internal], line ??
Controller::invokeAction() - CORE\Cake\Controller\Controller.php, line 490
Dispatcher::_invoke() - CORE\Cake\Routing\Dispatcher.php, line 185
Dispatcher::dispatch() - CORE\Cake\Routing\Dispatcher.php, line 160
[main] - APP\webroot\index.php, line 108

2014-02-04 09:38:23 Debug: Notice (8): Undefined variable: cakeDescription in [C:\xampp\htdocs\rr\app\View\Layouts\default.ctp, line 52]
Trace:
include - APP\View\Layouts\default.ctp, line 52
View::_evaluate() - CORE\Cake\View\View.php, line 929
View::_render() - CORE\Cake\View\View.php, line 891
View::renderLayout() - CORE\Cake\View\View.php, line 523
View::render() - CORE\Cake\View\View.php, line 468
Controller::render() - CORE\Cake\Controller\Controller.php, line 952
PagesController::display() - APP\Controller\PagesController.php, line 75
ReflectionMethod::invokeArgs() - [internal], line ??
Controller::invokeAction() - CORE\Cake\Controller\Controller.php, line 490
Dispatcher::_invoke() - CORE\Cake\Routing\Dispatcher.php, line 185
Dispatcher::dispatch() - CORE\Cake\Routing\Dispatcher.php, line 160
[main] - APP\webroot\index.php, line 108

2014-02-04 09:41:17 Debug: Notice (8): Undefined variable: cakeDescription in [C:\xampp\htdocs\rr\app\View\Layouts\default.ctp, line 42]
Trace:
include - APP\View\Layouts\default.ctp, line 42
View::_evaluate() - CORE\Cake\View\View.php, line 929
View::_render() - CORE\Cake\View\View.php, line 891
View::renderLayout() - CORE\Cake\View\View.php, line 523
View::render() - CORE\Cake\View\View.php, line 468
Controller::render() - CORE\Cake\Controller\Controller.php, line 952
PagesController::display() - APP\Controller\PagesController.php, line 75
ReflectionMethod::invokeArgs() - [internal], line ??
Controller::invokeAction() - CORE\Cake\Controller\Controller.php, line 490
Dispatcher::_invoke() - CORE\Cake\Routing\Dispatcher.php, line 185
Dispatcher::dispatch() - CORE\Cake\Routing\Dispatcher.php, line 160
[main] - APP\webroot\index.php, line 108

2014-02-04 09:41:17 Debug: Notice (8): Undefined variable: cakeDescription in [C:\xampp\htdocs\rr\app\View\Layouts\default.ctp, line 52]
Trace:
include - APP\View\Layouts\default.ctp, line 52
View::_evaluate() - CORE\Cake\View\View.php, line 929
View::_render() - CORE\Cake\View\View.php, line 891
View::renderLayout() - CORE\Cake\View\View.php, line 523
View::render() - CORE\Cake\View\View.php, line 468
Controller::render() - CORE\Cake\Controller\Controller.php, line 952
PagesController::display() - APP\Controller\PagesController.php, line 75
ReflectionMethod::invokeArgs() - [internal], line ??
Controller::invokeAction() - CORE\Cake\Controller\Controller.php, line 490
Dispatcher::_invoke() - CORE\Cake\Routing\Dispatcher.php, line 185
Dispatcher::dispatch() - CORE\Cake\Routing\Dispatcher.php, line 160
[main] - APP\webroot\index.php, line 108

2014-02-04 09:41:18 Debug: Notice (8): Undefined variable: cakeDescription in [C:\xampp\htdocs\rr\app\View\Layouts\default.ctp, line 42]
Trace:
include - APP\View\Layouts\default.ctp, line 42
View::_evaluate() - CORE\Cake\View\View.php, line 929
View::_render() - CORE\Cake\View\View.php, line 891
View::renderLayout() - CORE\Cake\View\View.php, line 523
View::render() - CORE\Cake\View\View.php, line 468
Controller::render() - CORE\Cake\Controller\Controller.php, line 952
PagesController::display() - APP\Controller\PagesController.php, line 75
ReflectionMethod::invokeArgs() - [internal], line ??
Controller::invokeAction() - CORE\Cake\Controller\Controller.php, line 490
Dispatcher::_invoke() - CORE\Cake\Routing\Dispatcher.php, line 185
Dispatcher::dispatch() - CORE\Cake\Routing\Dispatcher.php, line 160
[main] - APP\webroot\index.php, line 108

2014-02-04 09:41:18 Debug: Notice (8): Undefined variable: cakeDescription in [C:\xampp\htdocs\rr\app\View\Layouts\default.ctp, line 52]
Trace:
include - APP\View\Layouts\default.ctp, line 52
View::_evaluate() - CORE\Cake\View\View.php, line 929
View::_render() - CORE\Cake\View\View.php, line 891
View::renderLayout() - CORE\Cake\View\View.php, line 523
View::render() - CORE\Cake\View\View.php, line 468
Controller::render() - CORE\Cake\Controller\Controller.php, line 952
PagesController::display() - APP\Controller\PagesController.php, line 75
ReflectionMethod::invokeArgs() - [internal], line ??
Controller::invokeAction() - CORE\Cake\Controller\Controller.php, line 490
Dispatcher::_invoke() - CORE\Cake\Routing\Dispatcher.php, line 185
Dispatcher::dispatch() - CORE\Cake\Routing\Dispatcher.php, line 160
[main] - APP\webroot\index.php, line 108

2014-02-04 09:41:31 Debug: Notice (8): Undefined variable: cakeDescription in [C:\xampp\htdocs\rr\app\View\Layouts\default.ctp, line 42]
Trace:
include - APP\View\Layouts\default.ctp, line 42
View::_evaluate() - CORE\Cake\View\View.php, line 929
View::_render() - CORE\Cake\View\View.php, line 891
View::renderLayout() - CORE\Cake\View\View.php, line 523
View::render() - CORE\Cake\View\View.php, line 468
Controller::render() - CORE\Cake\Controller\Controller.php, line 952
PagesController::display() - APP\Controller\PagesController.php, line 75
ReflectionMethod::invokeArgs() - [internal], line ??
Controller::invokeAction() - CORE\Cake\Controller\Controller.php, line 490
Dispatcher::_invoke() - CORE\Cake\Routing\Dispatcher.php, line 185
Dispatcher::dispatch() - CORE\Cake\Routing\Dispatcher.php, line 160
[main] - APP\webroot\index.php, line 108

2014-02-04 09:41:31 Debug: Notice (8): Undefined variable: cakeDescription in [C:\xampp\htdocs\rr\app\View\Layouts\default.ctp, line 52]
Trace:
include - APP\View\Layouts\default.ctp, line 52
View::_evaluate() - CORE\Cake\View\View.php, line 929
View::_render() - CORE\Cake\View\View.php, line 891
View::renderLayout() - CORE\Cake\View\View.php, line 523
View::render() - CORE\Cake\View\View.php, line 468
Controller::render() - CORE\Cake\Controller\Controller.php, line 952
PagesController::display() - APP\Controller\PagesController.php, line 75
ReflectionMethod::invokeArgs() - [internal], line ??
Controller::invokeAction() - CORE\Cake\Controller\Controller.php, line 490
Dispatcher::_invoke() - CORE\Cake\Routing\Dispatcher.php, line 185
Dispatcher::dispatch() - CORE\Cake\Routing\Dispatcher.php, line 160
[main] - APP\webroot\index.php, line 108

2014-02-04 09:41:32 Debug: Notice (8): Undefined variable: cakeDescription in [C:\xampp\htdocs\rr\app\View\Layouts\default.ctp, line 42]
Trace:
include - APP\View\Layouts\default.ctp, line 42
View::_evaluate() - CORE\Cake\View\View.php, line 929
View::_render() - CORE\Cake\View\View.php, line 891
View::renderLayout() - CORE\Cake\View\View.php, line 523
View::render() - CORE\Cake\View\View.php, line 468
Controller::render() - CORE\Cake\Controller\Controller.php, line 952
PagesController::display() - APP\Controller\PagesController.php, line 75
ReflectionMethod::invokeArgs() - [internal], line ??
Controller::invokeAction() - CORE\Cake\Controller\Controller.php, line 490
Dispatcher::_invoke() - CORE\Cake\Routing\Dispatcher.php, line 185
Dispatcher::dispatch() - CORE\Cake\Routing\Dispatcher.php, line 160
[main] - APP\webroot\index.php, line 108

2014-02-04 09:41:32 Debug: Notice (8): Undefined variable: cakeDescription in [C:\xampp\htdocs\rr\app\View\Layouts\default.ctp, line 52]
Trace:
include - APP\View\Layouts\default.ctp, line 52
View::_evaluate() - CORE\Cake\View\View.php, line 929
View::_render() - CORE\Cake\View\View.php, line 891
View::renderLayout() - CORE\Cake\View\View.php, line 523
View::render() - CORE\Cake\View\View.php, line 468
Controller::render() - CORE\Cake\Controller\Controller.php, line 952
PagesController::display() - APP\Controller\PagesController.php, line 75
ReflectionMethod::invokeArgs() - [internal], line ??
Controller::invokeAction() - CORE\Cake\Controller\Controller.php, line 490
Dispatcher::_invoke() - CORE\Cake\Routing\Dispatcher.php, line 185
Dispatcher::dispatch() - CORE\Cake\Routing\Dispatcher.php, line 160
[main] - APP\webroot\index.php, line 108

2014-02-04 09:41:43 Debug: Notice (8): Undefined variable: cakeDescription in [C:\xampp\htdocs\rr\app\View\Layouts\default.ctp, line 42]
Trace:
include - APP\View\Layouts\default.ctp, line 42
View::_evaluate() - CORE\Cake\View\View.php, line 929
View::_render() - CORE\Cake\View\View.php, line 891
View::renderLayout() - CORE\Cake\View\View.php, line 523
View::render() - CORE\Cake\View\View.php, line 468
Controller::render() - CORE\Cake\Controller\Controller.php, line 952
PagesController::display() - APP\Controller\PagesController.php, line 75
ReflectionMethod::invokeArgs() - [internal], line ??
Controller::invokeAction() - CORE\Cake\Controller\Controller.php, line 490
Dispatcher::_invoke() - CORE\Cake\Routing\Dispatcher.php, line 185
Dispatcher::dispatch() - CORE\Cake\Routing\Dispatcher.php, line 160
[main] - APP\webroot\index.php, line 108

2014-02-04 09:41:43 Debug: Notice (8): Undefined variable: cakeDescription in [C:\xampp\htdocs\rr\app\View\Layouts\default.ctp, line 52]
Trace:
include - APP\View\Layouts\default.ctp, line 52
View::_evaluate() - CORE\Cake\View\View.php, line 929
View::_render() - CORE\Cake\View\View.php, line 891
View::renderLayout() - CORE\Cake\View\View.php, line 523
View::render() - CORE\Cake\View\View.php, line 468
Controller::render() - CORE\Cake\Controller\Controller.php, line 952
PagesController::display() - APP\Controller\PagesController.php, line 75
ReflectionMethod::invokeArgs() - [internal], line ??
Controller::invokeAction() - CORE\Cake\Controller\Controller.php, line 490
Dispatcher::_invoke() - CORE\Cake\Routing\Dispatcher.php, line 185
Dispatcher::dispatch() - CORE\Cake\Routing\Dispatcher.php, line 160
[main] - APP\webroot\index.php, line 108

2014-02-04 09:41:43 Debug: Notice (8): Undefined variable: cakeDescription in [C:\xampp\htdocs\rr\app\View\Layouts\default.ctp, line 42]
Trace:
include - APP\View\Layouts\default.ctp, line 42
View::_evaluate() - CORE\Cake\View\View.php, line 929
View::_render() - CORE\Cake\View\View.php, line 891
View::renderLayout() - CORE\Cake\View\View.php, line 523
View::render() - CORE\Cake\View\View.php, line 468
Controller::render() - CORE\Cake\Controller\Controller.php, line 952
ExceptionRenderer::_outputMessage() - CORE\Cake\Error\ExceptionRenderer.php, line 273
ExceptionRenderer::error400() - CORE\Cake\Error\ExceptionRenderer.php, line 219
ExceptionRenderer::render() - CORE\Cake\Error\ExceptionRenderer.php, line 175
ErrorHandler::handleException() - CORE\Cake\Error\ErrorHandler.php, line 120
[main] - [internal], line ??

2014-02-04 09:41:43 Debug: Notice (8): Undefined variable: cakeDescription in [C:\xampp\htdocs\rr\app\View\Layouts\default.ctp, line 52]
Trace:
include - APP\View\Layouts\default.ctp, line 52
View::_evaluate() - CORE\Cake\View\View.php, line 929
View::_render() - CORE\Cake\View\View.php, line 891
View::renderLayout() - CORE\Cake\View\View.php, line 523
View::render() - CORE\Cake\View\View.php, line 468
Controller::render() - CORE\Cake\Controller\Controller.php, line 952
ExceptionRenderer::_outputMessage() - CORE\Cake\Error\ExceptionRenderer.php, line 273
ExceptionRenderer::error400() - CORE\Cake\Error\ExceptionRenderer.php, line 219
ExceptionRenderer::render() - CORE\Cake\Error\ExceptionRenderer.php, line 175
ErrorHandler::handleException() - CORE\Cake\Error\ErrorHandler.php, line 120
[main] - [internal], line ??

2014-02-04 09:41:53 Debug: Notice (8): Undefined variable: cakeDescription in [C:\xampp\htdocs\rr\app\View\Layouts\default.ctp, line 42]
Trace:
include - APP\View\Layouts\default.ctp, line 42
View::_evaluate() - CORE\Cake\View\View.php, line 929
View::_render() - CORE\Cake\View\View.php, line 891
View::renderLayout() - CORE\Cake\View\View.php, line 523
View::render() - CORE\Cake\View\View.php, line 468
Controller::render() - CORE\Cake\Controller\Controller.php, line 952
PagesController::display() - APP\Controller\PagesController.php, line 75
ReflectionMethod::invokeArgs() - [internal], line ??
Controller::invokeAction() - CORE\Cake\Controller\Controller.php, line 490
Dispatcher::_invoke() - CORE\Cake\Routing\Dispatcher.php, line 185
Dispatcher::dispatch() - CORE\Cake\Routing\Dispatcher.php, line 160
[main] - APP\webroot\index.php, line 108

2014-02-04 09:41:53 Debug: Notice (8): Undefined variable: cakeDescription in [C:\xampp\htdocs\rr\app\View\Layouts\default.ctp, line 52]
Trace:
include - APP\View\Layouts\default.ctp, line 52
View::_evaluate() - CORE\Cake\View\View.php, line 929
View::_render() - CORE\Cake\View\View.php, line 891
View::renderLayout() - CORE\Cake\View\View.php, line 523
View::render() - CORE\Cake\View\View.php, line 468
Controller::render() - CORE\Cake\Controller\Controller.php, line 952
PagesController::display() - APP\Controller\PagesController.php, line 75
ReflectionMethod::invokeArgs() - [internal], line ??
Controller::invokeAction() - CORE\Cake\Controller\Controller.php, line 490
Dispatcher::_invoke() - CORE\Cake\Routing\Dispatcher.php, line 185
Dispatcher::dispatch() - CORE\Cake\Routing\Dispatcher.php, line 160
[main] - APP\webroot\index.php, line 108

2014-02-04 09:41:54 Debug: Notice (8): Undefined variable: cakeDescription in [C:\xampp\htdocs\rr\app\View\Layouts\default.ctp, line 42]
Trace:
include - APP\View\Layouts\default.ctp, line 42
View::_evaluate() - CORE\Cake\View\View.php, line 929
View::_render() - CORE\Cake\View\View.php, line 891
View::renderLayout() - CORE\Cake\View\View.php, line 523
View::render() - CORE\Cake\View\View.php, line 468
Controller::render() - CORE\Cake\Controller\Controller.php, line 952
PagesController::display() - APP\Controller\PagesController.php, line 75
ReflectionMethod::invokeArgs() - [internal], line ??
Controller::invokeAction() - CORE\Cake\Controller\Controller.php, line 490
Dispatcher::_invoke() - CORE\Cake\Routing\Dispatcher.php, line 185
Dispatcher::dispatch() - CORE\Cake\Routing\Dispatcher.php, line 160
[main] - APP\webroot\index.php, line 108

2014-02-04 09:41:54 Debug: Notice (8): Undefined variable: cakeDescription in [C:\xampp\htdocs\rr\app\View\Layouts\default.ctp, line 52]
Trace:
include - APP\View\Layouts\default.ctp, line 52
View::_evaluate() - CORE\Cake\View\View.php, line 929
View::_render() - CORE\Cake\View\View.php, line 891
View::renderLayout() - CORE\Cake\View\View.php, line 523
View::render() - CORE\Cake\View\View.php, line 468
Controller::render() - CORE\Cake\Controller\Controller.php, line 952
PagesController::display() - APP\Controller\PagesController.php, line 75
ReflectionMethod::invokeArgs() - [internal], line ??
Controller::invokeAction() - CORE\Cake\Controller\Controller.php, line 490
Dispatcher::_invoke() - CORE\Cake\Routing\Dispatcher.php, line 185
Dispatcher::dispatch() - CORE\Cake\Routing\Dispatcher.php, line 160
[main] - APP\webroot\index.php, line 108

2014-02-04 09:42:16 Debug: Notice (8): Undefined variable: cakeDescription in [C:\xampp\htdocs\rr\app\View\Layouts\default.ctp, line 42]
Trace:
include - APP\View\Layouts\default.ctp, line 42
View::_evaluate() - CORE\Cake\View\View.php, line 929
View::_render() - CORE\Cake\View\View.php, line 891
View::renderLayout() - CORE\Cake\View\View.php, line 523
View::render() - CORE\Cake\View\View.php, line 468
Controller::render() - CORE\Cake\Controller\Controller.php, line 952
PagesController::display() - APP\Controller\PagesController.php, line 75
ReflectionMethod::invokeArgs() - [internal], line ??
Controller::invokeAction() - CORE\Cake\Controller\Controller.php, line 490
Dispatcher::_invoke() - CORE\Cake\Routing\Dispatcher.php, line 185
Dispatcher::dispatch() - CORE\Cake\Routing\Dispatcher.php, line 160
[main] - APP\webroot\index.php, line 108

2014-02-04 09:42:16 Debug: Notice (8): Undefined variable: cakeDescription in [C:\xampp\htdocs\rr\app\View\Layouts\default.ctp, line 52]
Trace:
include - APP\View\Layouts\default.ctp, line 52
View::_evaluate() - CORE\Cake\View\View.php, line 929
View::_render() - CORE\Cake\View\View.php, line 891
View::renderLayout() - CORE\Cake\View\View.php, line 523
View::render() - CORE\Cake\View\View.php, line 468
Controller::render() - CORE\Cake\Controller\Controller.php, line 952
PagesController::display() - APP\Controller\PagesController.php, line 75
ReflectionMethod::invokeArgs() - [internal], line ??
Controller::invokeAction() - CORE\Cake\Controller\Controller.php, line 490
Dispatcher::_invoke() - CORE\Cake\Routing\Dispatcher.php, line 185
Dispatcher::dispatch() - CORE\Cake\Routing\Dispatcher.php, line 160
[main] - APP\webroot\index.php, line 108

2014-02-04 09:42:18 Debug: Notice (8): Undefined variable: cakeDescription in [C:\xampp\htdocs\rr\app\View\Layouts\default.ctp, line 42]
Trace:
include - APP\View\Layouts\default.ctp, line 42
View::_evaluate() - CORE\Cake\View\View.php, line 929
View::_render() - CORE\Cake\View\View.php, line 891
View::renderLayout() - CORE\Cake\View\View.php, line 523
View::render() - CORE\Cake\View\View.php, line 468
Controller::render() - CORE\Cake\Controller\Controller.php, line 952
PagesController::display() - APP\Controller\PagesController.php, line 75
ReflectionMethod::invokeArgs() - [internal], line ??
Controller::invokeAction() - CORE\Cake\Controller\Controller.php, line 490
Dispatcher::_invoke() - CORE\Cake\Routing\Dispatcher.php, line 185
Dispatcher::dispatch() - CORE\Cake\Routing\Dispatcher.php, line 160
[main] - APP\webroot\index.php, line 108

2014-02-04 09:42:18 Debug: Notice (8): Undefined variable: cakeDescription in [C:\xampp\htdocs\rr\app\View\Layouts\default.ctp, line 52]
Trace:
include - APP\View\Layouts\default.ctp, line 52
View::_evaluate() - CORE\Cake\View\View.php, line 929
View::_render() - CORE\Cake\View\View.php, line 891
View::renderLayout() - CORE\Cake\View\View.php, line 523
View::render() - CORE\Cake\View\View.php, line 468
Controller::render() - CORE\Cake\Controller\Controller.php, line 952
PagesController::display() - APP\Controller\PagesController.php, line 75
ReflectionMethod::invokeArgs() - [internal], line ??
Controller::invokeAction() - CORE\Cake\Controller\Controller.php, line 490
Dispatcher::_invoke() - CORE\Cake\Routing\Dispatcher.php, line 185
Dispatcher::dispatch() - CORE\Cake\Routing\Dispatcher.php, line 160
[main] - APP\webroot\index.php, line 108

2014-02-04 09:45:22 Debug: Notice (8): Undefined variable: cakeDescription in [C:\xampp\htdocs\rr\app\View\Layouts\default.ctp, line 53]
Trace:
include - APP\View\Layouts\default.ctp, line 53
View::_evaluate() - CORE\Cake\View\View.php, line 929
View::_render() - CORE\Cake\View\View.php, line 891
View::renderLayout() - CORE\Cake\View\View.php, line 523
View::render() - CORE\Cake\View\View.php, line 468
Controller::render() - CORE\Cake\Controller\Controller.php, line 952
PagesController::display() - APP\Controller\PagesController.php, line 75
ReflectionMethod::invokeArgs() - [internal], line ??
Controller::invokeAction() - CORE\Cake\Controller\Controller.php, line 490
Dispatcher::_invoke() - CORE\Cake\Routing\Dispatcher.php, line 185
Dispatcher::dispatch() - CORE\Cake\Routing\Dispatcher.php, line 160
[main] - APP\webroot\index.php, line 108

2014-02-04 09:46:37 Debug: Notice (8): Undefined variable: cakeDescription in [C:\xampp\htdocs\rr\app\View\Layouts\default.ctp, line 53]
Trace:
include - APP\View\Layouts\default.ctp, line 53
View::_evaluate() - CORE\Cake\View\View.php, line 929
View::_render() - CORE\Cake\View\View.php, line 891
View::renderLayout() - CORE\Cake\View\View.php, line 523
View::render() - CORE\Cake\View\View.php, line 468
Controller::render() - CORE\Cake\Controller\Controller.php, line 952
PagesController::display() - APP\Controller\PagesController.php, line 75
ReflectionMethod::invokeArgs() - [internal], line ??
Controller::invokeAction() - CORE\Cake\Controller\Controller.php, line 490
Dispatcher::_invoke() - CORE\Cake\Routing\Dispatcher.php, line 185
Dispatcher::dispatch() - CORE\Cake\Routing\Dispatcher.php, line 160
[main] - APP\webroot\index.php, line 108

2014-02-04 09:46:45 Debug: Notice (8): Undefined variable: cakeDescription in [C:\xampp\htdocs\rr\app\View\Layouts\default.ctp, line 53]
Trace:
include - APP\View\Layouts\default.ctp, line 53
View::_evaluate() - CORE\Cake\View\View.php, line 929
View::_render() - CORE\Cake\View\View.php, line 891
View::renderLayout() - CORE\Cake\View\View.php, line 523
View::render() - CORE\Cake\View\View.php, line 468
Controller::render() - CORE\Cake\Controller\Controller.php, line 952
PagesController::display() - APP\Controller\PagesController.php, line 75
ReflectionMethod::invokeArgs() - [internal], line ??
Controller::invokeAction() - CORE\Cake\Controller\Controller.php, line 490
Dispatcher::_invoke() - CORE\Cake\Routing\Dispatcher.php, line 185
Dispatcher::dispatch() - CORE\Cake\Routing\Dispatcher.php, line 160
[main] - APP\webroot\index.php, line 108

2014-02-04 09:47:45 Debug: Notice (8): Undefined variable: cakeDescription in [C:\xampp\htdocs\rr\app\View\Layouts\default.ctp, line 53]
Trace:
include - APP\View\Layouts\default.ctp, line 53
View::_evaluate() - CORE\Cake\View\View.php, line 929
View::_render() - CORE\Cake\View\View.php, line 891
View::renderLayout() - CORE\Cake\View\View.php, line 523
View::render() - CORE\Cake\View\View.php, line 468
Controller::render() - CORE\Cake\Controller\Controller.php, line 952
PagesController::display() - APP\Controller\PagesController.php, line 75
ReflectionMethod::invokeArgs() - [internal], line ??
Controller::invokeAction() - CORE\Cake\Controller\Controller.php, line 490
Dispatcher::_invoke() - CORE\Cake\Routing\Dispatcher.php, line 185
Dispatcher::dispatch() - CORE\Cake\Routing\Dispatcher.php, line 160
[main] - APP\webroot\index.php, line 108

2014-02-04 09:48:43 Debug: Notice (8): Undefined variable: cakeDescription in [C:\xampp\htdocs\rr\app\View\Layouts\default.ctp, line 53]
Trace:
include - APP\View\Layouts\default.ctp, line 53
View::_evaluate() - CORE\Cake\View\View.php, line 929
View::_render() - CORE\Cake\View\View.php, line 891
View::renderLayout() - CORE\Cake\View\View.php, line 523
View::render() - CORE\Cake\View\View.php, line 468
Controller::render() - CORE\Cake\Controller\Controller.php, line 952
PagesController::display() - APP\Controller\PagesController.php, line 75
ReflectionMethod::invokeArgs() - [internal], line ??
Controller::invokeAction() - CORE\Cake\Controller\Controller.php, line 490
Dispatcher::_invoke() - CORE\Cake\Routing\Dispatcher.php, line 185
Dispatcher::dispatch() - CORE\Cake\Routing\Dispatcher.php, line 160
[main] - APP\webroot\index.php, line 108

2014-02-04 09:48:57 Debug: Notice (8): Undefined variable: cakeDescription in [C:\xampp\htdocs\rr\app\View\Layouts\default.ctp, line 53]
Trace:
include - APP\View\Layouts\default.ctp, line 53
View::_evaluate() - CORE\Cake\View\View.php, line 929
View::_render() - CORE\Cake\View\View.php, line 891
View::renderLayout() - CORE\Cake\View\View.php, line 523
View::render() - CORE\Cake\View\View.php, line 468
Controller::render() - CORE\Cake\Controller\Controller.php, line 952
PagesController::display() - APP\Controller\PagesController.php, line 75
ReflectionMethod::invokeArgs() - [internal], line ??
Controller::invokeAction() - CORE\Cake\Controller\Controller.php, line 490
Dispatcher::_invoke() - CORE\Cake\Routing\Dispatcher.php, line 185
Dispatcher::dispatch() - CORE\Cake\Routing\Dispatcher.php, line 160
[main] - APP\webroot\index.php, line 108

2014-02-04 09:49:09 Debug: Notice (8): Undefined variable: cakeDescription in [C:\xampp\htdocs\rr\app\View\Layouts\default.ctp, line 53]
Trace:
include - APP\View\Layouts\default.ctp, line 53
View::_evaluate() - CORE\Cake\View\View.php, line 929
View::_render() - CORE\Cake\View\View.php, line 891
View::renderLayout() - CORE\Cake\View\View.php, line 523
View::render() - CORE\Cake\View\View.php, line 468
Controller::render() - CORE\Cake\Controller\Controller.php, line 952
PagesController::display() - APP\Controller\PagesController.php, line 75
ReflectionMethod::invokeArgs() - [internal], line ??
Controller::invokeAction() - CORE\Cake\Controller\Controller.php, line 490
Dispatcher::_invoke() - CORE\Cake\Routing\Dispatcher.php, line 185
Dispatcher::dispatch() - CORE\Cake\Routing\Dispatcher.php, line 160
[main] - APP\webroot\index.php, line 108

2014-02-04 09:49:17 Debug: Notice (8): Undefined variable: cakeDescription in [C:\xampp\htdocs\rr\app\View\Layouts\default.ctp, line 53]
Trace:
include - APP\View\Layouts\default.ctp, line 53
View::_evaluate() - CORE\Cake\View\View.php, line 929
View::_render() - CORE\Cake\View\View.php, line 891
View::renderLayout() - CORE\Cake\View\View.php, line 523
View::render() - CORE\Cake\View\View.php, line 468
Controller::render() - CORE\Cake\Controller\Controller.php, line 952
PagesController::display() - APP\Controller\PagesController.php, line 75
ReflectionMethod::invokeArgs() - [internal], line ??
Controller::invokeAction() - CORE\Cake\Controller\Controller.php, line 490
Dispatcher::_invoke() - CORE\Cake\Routing\Dispatcher.php, line 185
Dispatcher::dispatch() - CORE\Cake\Routing\Dispatcher.php, line 160
[main] - APP\webroot\index.php, line 108

2014-02-04 09:49:26 Debug: Notice (8): Undefined variable: cakeDescription in [C:\xampp\htdocs\rr\app\View\Layouts\default.ctp, line 53]
Trace:
include - APP\View\Layouts\default.ctp, line 53
View::_evaluate() - CORE\Cake\View\View.php, line 929
View::_render() - CORE\Cake\View\View.php, line 891
View::renderLayout() - CORE\Cake\View\View.php, line 523
View::render() - CORE\Cake\View\View.php, line 468
Controller::render() - CORE\Cake\Controller\Controller.php, line 952
PagesController::display() - APP\Controller\PagesController.php, line 75
ReflectionMethod::invokeArgs() - [internal], line ??
Controller::invokeAction() - CORE\Cake\Controller\Controller.php, line 490
Dispatcher::_invoke() - CORE\Cake\Routing\Dispatcher.php, line 185
Dispatcher::dispatch() - CORE\Cake\Routing\Dispatcher.php, line 160
[main] - APP\webroot\index.php, line 108

2014-02-04 09:49:33 Debug: Notice (8): Undefined variable: cakeDescription in [C:\xampp\htdocs\rr\app\View\Layouts\default.ctp, line 53]
Trace:
include - APP\View\Layouts\default.ctp, line 53
View::_evaluate() - CORE\Cake\View\View.php, line 929
View::_render() - CORE\Cake\View\View.php, line 891
View::renderLayout() - CORE\Cake\View\View.php, line 523
View::render() - CORE\Cake\View\View.php, line 468
Controller::render() - CORE\Cake\Controller\Controller.php, line 952
PagesController::display() - APP\Controller\PagesController.php, line 75
ReflectionMethod::invokeArgs() - [internal], line ??
Controller::invokeAction() - CORE\Cake\Controller\Controller.php, line 490
Dispatcher::_invoke() - CORE\Cake\Routing\Dispatcher.php, line 185
Dispatcher::dispatch() - CORE\Cake\Routing\Dispatcher.php, line 160
[main] - APP\webroot\index.php, line 108

2014-02-04 09:49:47 Debug: Notice (8): Undefined variable: cakeDescription in [C:\xampp\htdocs\rr\app\View\Layouts\default.ctp, line 53]
Trace:
include - APP\View\Layouts\default.ctp, line 53
View::_evaluate() - CORE\Cake\View\View.php, line 929
View::_render() - CORE\Cake\View\View.php, line 891
View::renderLayout() - CORE\Cake\View\View.php, line 523
View::render() - CORE\Cake\View\View.php, line 468
Controller::render() - CORE\Cake\Controller\Controller.php, line 952
PagesController::display() - APP\Controller\PagesController.php, line 75
ReflectionMethod::invokeArgs() - [internal], line ??
Controller::invokeAction() - CORE\Cake\Controller\Controller.php, line 490
Dispatcher::_invoke() - CORE\Cake\Routing\Dispatcher.php, line 185
Dispatcher::dispatch() - CORE\Cake\Routing\Dispatcher.php, line 160
[main] - APP\webroot\index.php, line 108

2014-02-04 09:50:00 Debug: Notice (8): Undefined variable: cakeDescription in [C:\xampp\htdocs\rr\app\View\Layouts\default.ctp, line 53]
Trace:
include - APP\View\Layouts\default.ctp, line 53
View::_evaluate() - CORE\Cake\View\View.php, line 929
View::_render() - CORE\Cake\View\View.php, line 891
View::renderLayout() - CORE\Cake\View\View.php, line 523
View::render() - CORE\Cake\View\View.php, line 468
Controller::render() - CORE\Cake\Controller\Controller.php, line 952
PagesController::display() - APP\Controller\PagesController.php, line 75
ReflectionMethod::invokeArgs() - [internal], line ??
Controller::invokeAction() - CORE\Cake\Controller\Controller.php, line 490
Dispatcher::_invoke() - CORE\Cake\Routing\Dispatcher.php, line 185
Dispatcher::dispatch() - CORE\Cake\Routing\Dispatcher.php, line 160
[main] - APP\webroot\index.php, line 108

2014-02-04 09:50:12 Debug: Notice (8): Undefined variable: cakeDescription in [C:\xampp\htdocs\rr\app\View\Layouts\default.ctp, line 53]
Trace:
include - APP\View\Layouts\default.ctp, line 53
View::_evaluate() - CORE\Cake\View\View.php, line 929
View::_render() - CORE\Cake\View\View.php, line 891
View::renderLayout() - CORE\Cake\View\View.php, line 523
View::render() - CORE\Cake\View\View.php, line 468
Controller::render() - CORE\Cake\Controller\Controller.php, line 952
PagesController::display() - APP\Controller\PagesController.php, line 75
ReflectionMethod::invokeArgs() - [internal], line ??
Controller::invokeAction() - CORE\Cake\Controller\Controller.php, line 490
Dispatcher::_invoke() - CORE\Cake\Routing\Dispatcher.php, line 185
Dispatcher::dispatch() - CORE\Cake\Routing\Dispatcher.php, line 160
[main] - APP\webroot\index.php, line 108

2014-02-04 09:51:12 Debug: Notice (8): Undefined variable: cakeDescription in [C:\xampp\htdocs\rr\app\View\Layouts\default.ctp, line 53]
Trace:
include - APP\View\Layouts\default.ctp, line 53
View::_evaluate() - CORE\Cake\View\View.php, line 929
View::_render() - CORE\Cake\View\View.php, line 891
View::renderLayout() - CORE\Cake\View\View.php, line 523
View::render() - CORE\Cake\View\View.php, line 468
Controller::render() - CORE\Cake\Controller\Controller.php, line 952
PagesController::display() - APP\Controller\PagesController.php, line 75
ReflectionMethod::invokeArgs() - [internal], line ??
Controller::invokeAction() - CORE\Cake\Controller\Controller.php, line 490
Dispatcher::_invoke() - CORE\Cake\Routing\Dispatcher.php, line 185
Dispatcher::dispatch() - CORE\Cake\Routing\Dispatcher.php, line 160
[main] - APP\webroot\index.php, line 108

2014-02-04 09:52:01 Debug: Notice (8): Undefined variable: cakeDescription in [C:\xampp\htdocs\rr\app\View\Layouts\default.ctp, line 53]
Trace:
include - APP\View\Layouts\default.ctp, line 53
View::_evaluate() - CORE\Cake\View\View.php, line 929
View::_render() - CORE\Cake\View\View.php, line 891
View::renderLayout() - CORE\Cake\View\View.php, line 523
View::render() - CORE\Cake\View\View.php, line 468
Controller::render() - CORE\Cake\Controller\Controller.php, line 952
PagesController::display() - APP\Controller\PagesController.php, line 75
ReflectionMethod::invokeArgs() - [internal], line ??
Controller::invokeAction() - CORE\Cake\Controller\Controller.php, line 490
Dispatcher::_invoke() - CORE\Cake\Routing\Dispatcher.php, line 185
Dispatcher::dispatch() - CORE\Cake\Routing\Dispatcher.php, line 160
[main] - APP\webroot\index.php, line 108

2014-02-04 09:52:09 Debug: Notice (8): Undefined variable: cakeDescription in [C:\xampp\htdocs\rr\app\View\Layouts\default.ctp, line 53]
Trace:
include - APP\View\Layouts\default.ctp, line 53
View::_evaluate() - CORE\Cake\View\View.php, line 929
View::_render() - CORE\Cake\View\View.php, line 891
View::renderLayout() - CORE\Cake\View\View.php, line 523
View::render() - CORE\Cake\View\View.php, line 468
Controller::render() - CORE\Cake\Controller\Controller.php, line 952
PagesController::display() - APP\Controller\PagesController.php, line 75
ReflectionMethod::invokeArgs() - [internal], line ??
Controller::invokeAction() - CORE\Cake\Controller\Controller.php, line 490
Dispatcher::_invoke() - CORE\Cake\Routing\Dispatcher.php, line 185
Dispatcher::dispatch() - CORE\Cake\Routing\Dispatcher.php, line 160
[main] - APP\webroot\index.php, line 108

2014-02-04 10:06:41 Debug: Notice (8): Undefined variable: cakeDescription in [C:\xampp\htdocs\rr\app\View\Layouts\default.ctp, line 53]
Trace:
include - APP\View\Layouts\default.ctp, line 53
View::_evaluate() - CORE\Cake\View\View.php, line 929
View::_render() - CORE\Cake\View\View.php, line 891
View::renderLayout() - CORE\Cake\View\View.php, line 523
View::render() - CORE\Cake\View\View.php, line 468
Controller::render() - CORE\Cake\Controller\Controller.php, line 952
PagesController::display() - APP\Controller\PagesController.php, line 75
ReflectionMethod::invokeArgs() - [internal], line ??
Controller::invokeAction() - CORE\Cake\Controller\Controller.php, line 490
Dispatcher::_invoke() - CORE\Cake\Routing\Dispatcher.php, line 185
Dispatcher::dispatch() - CORE\Cake\Routing\Dispatcher.php, line 160
[main] - APP\webroot\index.php, line 108

2014-02-04 10:10:25 Debug: Notice (8): Undefined variable: cakeDescription in [C:\xampp\htdocs\rr\app\View\Layouts\default.ctp, line 57]
Trace:
include - APP\View\Layouts\default.ctp, line 57
View::_evaluate() - CORE\Cake\View\View.php, line 929
View::_render() - CORE\Cake\View\View.php, line 891
View::renderLayout() - CORE\Cake\View\View.php, line 523
View::render() - CORE\Cake\View\View.php, line 468
Controller::render() - CORE\Cake\Controller\Controller.php, line 952
PagesController::display() - APP\Controller\PagesController.php, line 75
ReflectionMethod::invokeArgs() - [internal], line ??
Controller::invokeAction() - CORE\Cake\Controller\Controller.php, line 490
Dispatcher::_invoke() - CORE\Cake\Routing\Dispatcher.php, line 185
Dispatcher::dispatch() - CORE\Cake\Routing\Dispatcher.php, line 160
[main] - APP\webroot\index.php, line 108

2014-02-04 10:10:43 Debug: Notice (8): Undefined variable: cakeDescription in [C:\xampp\htdocs\rr\app\View\Layouts\default.ctp, line 57]
Trace:
include - APP\View\Layouts\default.ctp, line 57
View::_evaluate() - CORE\Cake\View\View.php, line 929
View::_render() - CORE\Cake\View\View.php, line 891
View::renderLayout() - CORE\Cake\View\View.php, line 523
View::render() - CORE\Cake\View\View.php, line 468
Controller::render() - CORE\Cake\Controller\Controller.php, line 952
PagesController::display() - APP\Controller\PagesController.php, line 75
ReflectionMethod::invokeArgs() - [internal], line ??
Controller::invokeAction() - CORE\Cake\Controller\Controller.php, line 490
Dispatcher::_invoke() - CORE\Cake\Routing\Dispatcher.php, line 185
Dispatcher::dispatch() - CORE\Cake\Routing\Dispatcher.php, line 160
[main] - APP\webroot\index.php, line 108

2014-02-04 10:10:47 Debug: Notice (8): Undefined variable: cakeDescription in [C:\xampp\htdocs\rr\app\View\Layouts\default.ctp, line 57]
Trace:
include - APP\View\Layouts\default.ctp, line 57
View::_evaluate() - CORE\Cake\View\View.php, line 929
View::_render() - CORE\Cake\View\View.php, line 891
View::renderLayout() - CORE\Cake\View\View.php, line 523
View::render() - CORE\Cake\View\View.php, line 468
Controller::render() - CORE\Cake\Controller\Controller.php, line 952
PagesController::display() - APP\Controller\PagesController.php, line 75
ReflectionMethod::invokeArgs() - [internal], line ??
Controller::invokeAction() - CORE\Cake\Controller\Controller.php, line 490
Dispatcher::_invoke() - CORE\Cake\Routing\Dispatcher.php, line 185
Dispatcher::dispatch() - CORE\Cake\Routing\Dispatcher.php, line 160
[main] - APP\webroot\index.php, line 108

2014-02-04 10:10:55 Debug: Notice (8): Undefined variable: cakeDescription in [C:\xampp\htdocs\rr\app\View\Layouts\default.ctp, line 57]
Trace:
include - APP\View\Layouts\default.ctp, line 57
View::_evaluate() - CORE\Cake\View\View.php, line 929
View::_render() - CORE\Cake\View\View.php, line 891
View::renderLayout() - CORE\Cake\View\View.php, line 523
View::render() - CORE\Cake\View\View.php, line 468
Controller::render() - CORE\Cake\Controller\Controller.php, line 952
PagesController::display() - APP\Controller\PagesController.php, line 75
ReflectionMethod::invokeArgs() - [internal], line ??
Controller::invokeAction() - CORE\Cake\Controller\Controller.php, line 490
Dispatcher::_invoke() - CORE\Cake\Routing\Dispatcher.php, line 185
Dispatcher::dispatch() - CORE\Cake\Routing\Dispatcher.php, line 160
[main] - APP\webroot\index.php, line 108

2014-02-04 10:13:58 Debug: Notice (8): Undefined variable: cakeDescription in [C:\xampp\htdocs\rr\app\View\Layouts\default.ctp, line 57]
Trace:
include - APP\View\Layouts\default.ctp, line 57
View::_evaluate() - CORE\Cake\View\View.php, line 929
View::_render() - CORE\Cake\View\View.php, line 891
View::renderLayout() - CORE\Cake\View\View.php, line 523
View::render() - CORE\Cake\View\View.php, line 468
Controller::render() - CORE\Cake\Controller\Controller.php, line 952
PagesController::display() - APP\Controller\PagesController.php, line 75
ReflectionMethod::invokeArgs() - [internal], line ??
Controller::invokeAction() - CORE\Cake\Controller\Controller.php, line 490
Dispatcher::_invoke() - CORE\Cake\Routing\Dispatcher.php, line 185
Dispatcher::dispatch() - CORE\Cake\Routing\Dispatcher.php, line 160
[main] - APP\webroot\index.php, line 108

2014-02-09 23:03:37 Debug: Notice (8): Indirect modification of overloaded property OrganizationalunitsController::$OrganizationalUnit has no effect in [C:\xampp\htdocs\rr\app\Controller\OrganizationalunitsController.php, line 36]
Trace:
OrganizationalunitsController::edit() - APP\Controller\OrganizationalunitsController.php, line 36
ReflectionMethod::invokeArgs() - [internal], line ??
Controller::invokeAction() - CORE\Cake\Controller\Controller.php, line 490
Dispatcher::_invoke() - CORE\Cake\Routing\Dispatcher.php, line 185
Dispatcher::dispatch() - CORE\Cake\Routing\Dispatcher.php, line 160
[main] - APP\webroot\index.php, line 108

2014-03-02 00:06:43 Debug: C:\xampp\htdocs\rr\app\webroot\/img/uploads//Ablauf_NA-1-resize-250x192-531266880db36-small.png does not exist
2014-03-02 00:07:22 Debug: C:\xampp\htdocs\rr\app\webroot\/img/uploads/resize/Ablauf_NA-resize-250x192-531268030707a-small.png does not exist
2014-03-02 00:08:03 Debug: C:\xampp\htdocs\rr\app\webroot\/img/uploads/Ablauf_NA-1.png does not exist
2014-03-02 00:08:03 Debug: C:\xampp\htdocs\rr\app\webroot\/img/uploads/resize/Ablauf_NA-1-resize-250x192-5312682a5cc8d-small.png does not exist
2014-03-02 03:49:36 Debug: C:\xampp\htdocs\rr\app\webroot\/img/uploads/Klassendiagramm_Lager.png does not exist
2014-03-02 03:49:36 Debug: C:\xampp\htdocs\rr\app\webroot\/img/uploads/resize/Klassendiagramm_Lager-resize-192x250-53129086caa4b-small.png does not exist
2014-03-02 03:49:36 Debug: No file detected in input stream
2014-03-02 03:59:40 Debug: No file detected in input stream
2014-03-02 04:05:39 Debug: No file detected in input stream
2014-03-02 04:05:39 Debug: No file detected in input stream
